<?xml version="1.0" encoding="UTF-8"?>
<!-- Generated by org.testng.reporters.JUnitReportReporter -->
<testsuite hostname="MonikaYuvaraj" failures="0" tests="7" name="testNGapiClass.TestNGforAPI" time="5.751" errors="0" timestamp="2025-04-14T17:04:19 IST" skipped="0">
  <testcase classname="testNGapiClass.TestNGforAPI" name="postSingleFlight" time="2.808"/>
  <testcase classname="testNGapiClass.TestNGforAPI" name="getSingleFlight" time="0.362"/>
  <testcase classname="testNGapiClass.TestNGforAPI" name="update" time="0.343"/>
  <testcase classname="testNGapiClass.TestNGforAPI" name="patch" time="0.456"/>
  <testcase classname="testNGapiClass.TestNGforAPI" name="getListFlight" time="0.432"/>
  <testcase classname="testNGapiClass.TestNGforAPI" name="delete" time="0.945"/>
  <testcase classname="testNGapiClass.TestNGforAPI" name="getListFlightcheck" time="0.405"/>
</testsuite> <!-- testNGapiClass.TestNGforAPI -->
