<?xml version="1.0" encoding="UTF-8"?>
<!-- Generated by org.testng.reporters.JUnitReportReporter -->
<testsuite hostname="MonikaYuvaraj" failures="0" tests="3" name="testNGapiClass.GetTestNg" time="3.721" errors="0" timestamp="2025-04-14T16:29:38 IST" skipped="0">
  <testcase classname="testNGapiClass.GetTestNg" name="postSingleFlight" time="2.910"/>
  <testcase classname="testNGapiClass.GetTestNg" name="getSingleFlight" time="0.440"/>
  <testcase classname="testNGapiClass.GetTestNg" name="update" time="0.371"/>
</testsuite> <!-- testNGapiClass.GetTestNg -->
