<?xml version="1.0" encoding="UTF-8"?>
<!-- Generated by org.testng.reporters.JUnitReportReporter -->
<testsuite hostname="MonikaYuvaraj" failures="0" tests="1" name="jsonPath.Login" time="4.440" errors="0" timestamp="2025-04-16T19:12:40 IST" skipped="0">
  <testcase classname="jsonPath.Login" name="login" time="4.440"/>
</testsuite> <!-- jsonPath.Login -->
