<?xml version="1.0" encoding="UTF-8"?>
<!-- Generated by org.testng.reporters.JUnitReportReporter -->
<testsuite hostname="MonikaYuvaraj" failures="0" tests="1" name="jsonPath.TestNGforAPIBC" time="2.697" errors="0" timestamp="2025-04-15T17:26:26 IST" skipped="0">
  <testcase classname="jsonPath.TestNGforAPIBC" name="postSingleFlight" time="2.697"/>
</testsuite> <!-- jsonPath.TestNGforAPIBC -->
