<?xml version="1.0" encoding="UTF-8"?>
<!-- Generated by org.testng.reporters.JUnitReportReporter -->
<testsuite hostname="MonikaYuvaraj" failures="0" tests="5" name="newTec.LoginGetLogToken" time="10.206" errors="0" timestamp="2025-04-23T22:41:46 IST" skipped="0">
  <testcase classname="newTec.LoginGetLogToken" name="login" time="4.699"/>
  <testcase classname="newTec.LoginGetLogToken" name="getStateId" time="1.329"/>
  <testcase classname="newTec.LoginGetLogToken" name="getCityId" time="1.247"/>
  <testcase classname="newTec.LoginGetLogToken" name="addAdd" time="1.190"/>
  <testcase classname="newTec.LoginGetLogToken" name="getAddres" time="1.741"/>
</testsuite> <!-- newTec.LoginGetLogToken -->
